Outcomes:
 000000: Lose state
 000001: Win state
 000010: Lose state
 000011: Win state
 000100: Win state
 000101: Lose state
 000110: Win state
 000111: Win state
 001000: Lose state
 001001: Win state
 001010: Lose state
 001011: Win state
 001100: Win state
 001101: Win state
 001110: Win state
 001111: Lose state
 010000: Win state
 010001: Lose state
 010010: Win state
 010011: Win state
 010100: Lose state
 010101: Win state
 010110: Lose state
 010111: Win state
 011000: Win state
 011001: Lose state
 011010: Win state
 011011: Win state
 011100: Win state
 011101: Lose state
 011110: Win state
 011111: Win state
 100000: Lose state
 100001: Win state
 100010: Lose state
 100011: Win state
 100100: Win state
 100101: Lose state
 100110: Win state
 100111: Win state
 101000: Lose state
 101001: Win state
 101010: Lose state
 101011: Win state
 101100: Win state
 101101: Win state
 101110: Win state
 101111: Lose state
 110000: Win state
 110001: Win state
 110010: Win state
 110011: Lose state
 110100: Win state
 110101: Win state
 110110: Win state
 110111: Win state
 111000: Win state
 111001: Win state
 111010: Win state
 111011: Lose state
 111100: Lose state
 111101: Win state
 111110: Lose state
 111111: Win state
Outcomes (short):
0 2 5 8 10 15 17 20 22 25 29 32 34 37 40 42 47 51 59 60 62 
